Calibrate: False
er
/home/taebin/miniconda3/envs/tma/lib/python3.7/site-packages/sklearn/svm/_base.py:986: ConvergenceWarning: Liblinear failed to converge, increase the number of iterations.
  "the number of iterations.", ConvergenceWarning)
/home/taebin/miniconda3/envs/tma/lib/python3.7/site-packages/sklearn/svm/_base.py:986: ConvergenceWarning: Liblinear failed to converge, increase the number of iterations.
  "the number of iterations.", ConvergenceWarning)
/home/taebin/miniconda3/envs/tma/lib/python3.7/site-packages/sklearn/svm/_base.py:986: ConvergenceWarning: Liblinear failed to converge, increase the number of iterations.
  "the number of iterations.", ConvergenceWarning)
/home/taebin/miniconda3/envs/tma/lib/python3.7/site-packages/sklearn/svm/_base.py:986: ConvergenceWarning: Liblinear failed to converge, increase the number of iterations.
  "the number of iterations.", ConvergenceWarning)
/home/taebin/miniconda3/envs/tma/lib/python3.7/site-packages/sklearn/svm/_base.py:986: ConvergenceWarning: Liblinear failed to converge, increase the number of iterations.
  "the number of iterations.", ConvergenceWarning)
/home/taebin/miniconda3/envs/tma/lib/python3.7/site-packages/sklearn/svm/_base.py:986: ConvergenceWarning: Liblinear failed to converge, increase the number of iterations.
  "the number of iterations.", ConvergenceWarning)
/home/taebin/miniconda3/envs/tma/lib/python3.7/site-packages/sklearn/svm/_base.py:986: ConvergenceWarning: Liblinear failed to converge, increase the number of iterations.
  "the number of iterations.", ConvergenceWarning)
/home/taebin/miniconda3/envs/tma/lib/python3.7/site-packages/sklearn/svm/_base.py:986: ConvergenceWarning: Liblinear failed to converge, increase the number of iterations.
  "the number of iterations.", ConvergenceWarning)
/home/taebin/miniconda3/envs/tma/lib/python3.7/site-packages/sklearn/svm/_base.py:986: ConvergenceWarning: Liblinear failed to converge, increase the number of iterations.
  "the number of iterations.", ConvergenceWarning)
/home/taebin/miniconda3/envs/tma/lib/python3.7/site-packages/sklearn/svm/_base.py:986: ConvergenceWarning: Liblinear failed to converge, increase the number of iterations.
  "the number of iterations.", ConvergenceWarning)
/home/taebin/miniconda3/envs/tma/lib/python3.7/site-packages/sklearn/svm/_base.py:986: ConvergenceWarning: Liblinear failed to converge, increase the number of iterations.
  "the number of iterations.", ConvergenceWarning)
/home/taebin/miniconda3/envs/tma/lib/python3.7/site-packages/sklearn/svm/_base.py:986: ConvergenceWarning: Liblinear failed to converge, increase the number of iterations.
  "the number of iterations.", ConvergenceWarning)
/home/taebin/miniconda3/envs/tma/lib/python3.7/site-packages/sklearn/svm/_base.py:986: ConvergenceWarning: Liblinear failed to converge, increase the number of iterations.
  "the number of iterations.", ConvergenceWarning)
/home/taebin/miniconda3/envs/tma/lib/python3.7/site-packages/sklearn/svm/_base.py:986: ConvergenceWarning: Liblinear failed to converge, increase the number of iterations.
  "the number of iterations.", ConvergenceWarning)
/home/taebin/miniconda3/envs/tma/lib/python3.7/site-packages/sklearn/svm/_base.py:986: ConvergenceWarning: Liblinear failed to converge, increase the number of iterations.
  "the number of iterations.", ConvergenceWarning)
/home/taebin/miniconda3/envs/tma/lib/python3.7/site-packages/sklearn/svm/_base.py:986: ConvergenceWarning: Liblinear failed to converge, increase the number of iterations.
  "the number of iterations.", ConvergenceWarning)
/home/taebin/miniconda3/envs/tma/lib/python3.7/site-packages/sklearn/svm/_base.py:986: ConvergenceWarning: Liblinear failed to converge, increase the number of iterations.
  "the number of iterations.", ConvergenceWarning)
/home/taebin/miniconda3/envs/tma/lib/python3.7/site-packages/sklearn/svm/_base.py:986: ConvergenceWarning: Liblinear failed to converge, increase the number of iterations.
  "the number of iterations.", ConvergenceWarning)
/home/taebin/miniconda3/envs/tma/lib/python3.7/site-packages/sklearn/svm/_base.py:986: ConvergenceWarning: Liblinear failed to converge, increase the number of iterations.
  "the number of iterations.", ConvergenceWarning)
/home/taebin/miniconda3/envs/tma/lib/python3.7/site-packages/sklearn/svm/_base.py:986: ConvergenceWarning: Liblinear failed to converge, increase the number of iterations.
  "the number of iterations.", ConvergenceWarning)
/home/taebin/miniconda3/envs/tma/lib/python3.7/site-packages/sklearn/svm/_base.py:986: ConvergenceWarning: Liblinear failed to converge, increase the number of iterations.
  "the number of iterations.", ConvergenceWarning)
/home/taebin/miniconda3/envs/tma/lib/python3.7/site-packages/sklearn/svm/_base.py:986: ConvergenceWarning: Liblinear failed to converge, increase the number of iterations.
  "the number of iterations.", ConvergenceWarning)
/home/taebin/miniconda3/envs/tma/lib/python3.7/site-packages/sklearn/svm/_base.py:986: ConvergenceWarning: Liblinear failed to converge, increase the number of iterations.
  "the number of iterations.", ConvergenceWarning)
/home/taebin/miniconda3/envs/tma/lib/python3.7/site-packages/sklearn/svm/_base.py:986: ConvergenceWarning: Liblinear failed to converge, increase the number of iterations.
  "the number of iterations.", ConvergenceWarning)
/home/taebin/miniconda3/envs/tma/lib/python3.7/site-packages/sklearn/svm/_base.py:986: ConvergenceWarning: Liblinear failed to converge, increase the number of iterations.
  "the number of iterations.", ConvergenceWarning)
/home/taebin/miniconda3/envs/tma/lib/python3.7/site-packages/sklearn/svm/_base.py:986: ConvergenceWarning: Liblinear failed to converge, increase the number of iterations.
  "the number of iterations.", ConvergenceWarning)
/home/taebin/miniconda3/envs/tma/lib/python3.7/site-packages/sklearn/svm/_base.py:986: ConvergenceWarning: Liblinear failed to converge, increase the number of iterations.
  "the number of iterations.", ConvergenceWarning)
/home/taebin/miniconda3/envs/tma/lib/python3.7/site-packages/sklearn/svm/_base.py:986: ConvergenceWarning: Liblinear failed to converge, increase the number of iterations.
  "the number of iterations.", ConvergenceWarning)
/home/taebin/miniconda3/envs/tma/lib/python3.7/site-packages/sklearn/svm/_base.py:986: ConvergenceWarning: Liblinear failed to converge, increase the number of iterations.
  "the number of iterations.", ConvergenceWarning)
/home/taebin/miniconda3/envs/tma/lib/python3.7/site-packages/sklearn/svm/_base.py:986: ConvergenceWarning: Liblinear failed to converge, increase the number of iterations.
  "the number of iterations.", ConvergenceWarning)
/home/taebin/miniconda3/envs/tma/lib/python3.7/site-packages/sklearn/svm/_base.py:986: ConvergenceWarning: Liblinear failed to converge, increase the number of iterations.
  "the number of iterations.", ConvergenceWarning)
/home/taebin/miniconda3/envs/tma/lib/python3.7/site-packages/sklearn/svm/_base.py:986: ConvergenceWarning: Liblinear failed to converge, increase the number of iterations.
  "the number of iterations.", ConvergenceWarning)
/home/taebin/miniconda3/envs/tma/lib/python3.7/site-packages/sklearn/svm/_base.py:986: ConvergenceWarning: Liblinear failed to converge, increase the number of iterations.
  "the number of iterations.", ConvergenceWarning)
/home/taebin/miniconda3/envs/tma/lib/python3.7/site-packages/sklearn/svm/_base.py:986: ConvergenceWarning: Liblinear failed to converge, increase the number of iterations.
  "the number of iterations.", ConvergenceWarning)
/home/taebin/miniconda3/envs/tma/lib/python3.7/site-packages/sklearn/svm/_base.py:986: ConvergenceWarning: Liblinear failed to converge, increase the number of iterations.
  "the number of iterations.", ConvergenceWarning)
/home/taebin/miniconda3/envs/tma/lib/python3.7/site-packages/sklearn/svm/_base.py:986: ConvergenceWarning: Liblinear failed to converge, increase the number of iterations.
  "the number of iterations.", ConvergenceWarning)
/home/taebin/miniconda3/envs/tma/lib/python3.7/site-packages/sklearn/svm/_base.py:986: ConvergenceWarning: Liblinear failed to converge, increase the number of iterations.
  "the number of iterations.", ConvergenceWarning)
/home/taebin/miniconda3/envs/tma/lib/python3.7/site-packages/sklearn/svm/_base.py:986: ConvergenceWarning: Liblinear failed to converge, increase the number of iterations.
  "the number of iterations.", ConvergenceWarning)
/home/taebin/miniconda3/envs/tma/lib/python3.7/site-packages/sklearn/svm/_base.py:986: ConvergenceWarning: Liblinear failed to converge, increase the number of iterations.
  "the number of iterations.", ConvergenceWarning)
/home/taebin/miniconda3/envs/tma/lib/python3.7/site-packages/sklearn/svm/_base.py:986: ConvergenceWarning: Liblinear failed to converge, increase the number of iterations.
  "the number of iterations.", ConvergenceWarning)
/home/taebin/miniconda3/envs/tma/lib/python3.7/site-packages/sklearn/svm/_base.py:986: ConvergenceWarning: Liblinear failed to converge, increase the number of iterations.
  "the number of iterations.", ConvergenceWarning)
/home/taebin/miniconda3/envs/tma/lib/python3.7/site-packages/sklearn/svm/_base.py:986: ConvergenceWarning: Liblinear failed to converge, increase the number of iterations.
  "the number of iterations.", ConvergenceWarning)
/home/taebin/miniconda3/envs/tma/lib/python3.7/site-packages/sklearn/svm/_base.py:986: ConvergenceWarning: Liblinear failed to converge, increase the number of iterations.
  "the number of iterations.", ConvergenceWarning)
/home/taebin/miniconda3/envs/tma/lib/python3.7/site-packages/sklearn/svm/_base.py:986: ConvergenceWarning: Liblinear failed to converge, increase the number of iterations.
  "the number of iterations.", ConvergenceWarning)
/home/taebin/miniconda3/envs/tma/lib/python3.7/site-packages/sklearn/svm/_base.py:986: ConvergenceWarning: Liblinear failed to converge, increase the number of iterations.
  "the number of iterations.", ConvergenceWarning)
/home/taebin/miniconda3/envs/tma/lib/python3.7/site-packages/sklearn/svm/_base.py:986: ConvergenceWarning: Liblinear failed to converge, increase the number of iterations.
  "the number of iterations.", ConvergenceWarning)
/home/taebin/miniconda3/envs/tma/lib/python3.7/site-packages/sklearn/svm/_base.py:986: ConvergenceWarning: Liblinear failed to converge, increase the number of iterations.
  "the number of iterations.", ConvergenceWarning)
/home/taebin/miniconda3/envs/tma/lib/python3.7/site-packages/sklearn/svm/_base.py:986: ConvergenceWarning: Liblinear failed to converge, increase the number of iterations.
  "the number of iterations.", ConvergenceWarning)
/home/taebin/miniconda3/envs/tma/lib/python3.7/site-packages/sklearn/svm/_base.py:986: ConvergenceWarning: Liblinear failed to converge, increase the number of iterations.
  "the number of iterations.", ConvergenceWarning)
/home/taebin/miniconda3/envs/tma/lib/python3.7/site-packages/sklearn/svm/_base.py:986: ConvergenceWarning: Liblinear failed to converge, increase the number of iterations.
  "the number of iterations.", ConvergenceWarning)
/home/taebin/miniconda3/envs/tma/lib/python3.7/site-packages/sklearn/svm/_base.py:986: ConvergenceWarning: Liblinear failed to converge, increase the number of iterations.
  "the number of iterations.", ConvergenceWarning)
/home/taebin/miniconda3/envs/tma/lib/python3.7/site-packages/sklearn/svm/_base.py:986: ConvergenceWarning: Liblinear failed to converge, increase the number of iterations.
  "the number of iterations.", ConvergenceWarning)
/home/taebin/miniconda3/envs/tma/lib/python3.7/site-packages/sklearn/svm/_base.py:986: ConvergenceWarning: Liblinear failed to converge, increase the number of iterations.
  "the number of iterations.", ConvergenceWarning)
/home/taebin/miniconda3/envs/tma/lib/python3.7/site-packages/sklearn/svm/_base.py:986: ConvergenceWarning: Liblinear failed to converge, increase the number of iterations.
  "the number of iterations.", ConvergenceWarning)
/home/taebin/miniconda3/envs/tma/lib/python3.7/site-packages/sklearn/svm/_base.py:986: ConvergenceWarning: Liblinear failed to converge, increase the number of iterations.
  "the number of iterations.", ConvergenceWarning)
/home/taebin/miniconda3/envs/tma/lib/python3.7/site-packages/sklearn/svm/_base.py:986: ConvergenceWarning: Liblinear failed to converge, increase the number of iterations.
  "the number of iterations.", ConvergenceWarning)
/home/taebin/miniconda3/envs/tma/lib/python3.7/site-packages/sklearn/svm/_base.py:986: ConvergenceWarning: Liblinear failed to converge, increase the number of iterations.
  "the number of iterations.", ConvergenceWarning)
/home/taebin/miniconda3/envs/tma/lib/python3.7/site-packages/sklearn/svm/_base.py:986: ConvergenceWarning: Liblinear failed to converge, increase the number of iterations.
  "the number of iterations.", ConvergenceWarning)
/home/taebin/miniconda3/envs/tma/lib/python3.7/site-packages/sklearn/svm/_base.py:986: ConvergenceWarning: Liblinear failed to converge, increase the number of iterations.
  "the number of iterations.", ConvergenceWarning)
/home/taebin/miniconda3/envs/tma/lib/python3.7/site-packages/sklearn/svm/_base.py:986: ConvergenceWarning: Liblinear failed to converge, increase the number of iterations.
  "the number of iterations.", ConvergenceWarning)
/home/taebin/miniconda3/envs/tma/lib/python3.7/site-packages/sklearn/svm/_base.py:986: ConvergenceWarning: Liblinear failed to converge, increase the number of iterations.
  "the number of iterations.", ConvergenceWarning)
/home/taebin/miniconda3/envs/tma/lib/python3.7/site-packages/sklearn/svm/_base.py:986: ConvergenceWarning: Liblinear failed to converge, increase the number of iterations.
  "the number of iterations.", ConvergenceWarning)
/home/taebin/miniconda3/envs/tma/lib/python3.7/site-packages/sklearn/svm/_base.py:986: ConvergenceWarning: Liblinear failed to converge, increase the number of iterations.
  "the number of iterations.", ConvergenceWarning)
/home/taebin/miniconda3/envs/tma/lib/python3.7/site-packages/sklearn/svm/_base.py:986: ConvergenceWarning: Liblinear failed to converge, increase the number of iterations.
  "the number of iterations.", ConvergenceWarning)
/home/taebin/miniconda3/envs/tma/lib/python3.7/site-packages/sklearn/svm/_base.py:986: ConvergenceWarning: Liblinear failed to converge, increase the number of iterations.
  "the number of iterations.", ConvergenceWarning)
/home/taebin/miniconda3/envs/tma/lib/python3.7/site-packages/sklearn/svm/_base.py:986: ConvergenceWarning: Liblinear failed to converge, increase the number of iterations.
  "the number of iterations.", ConvergenceWarning)
/home/taebin/miniconda3/envs/tma/lib/python3.7/site-packages/sklearn/svm/_base.py:986: ConvergenceWarning: Liblinear failed to converge, increase the number of iterations.
  "the number of iterations.", ConvergenceWarning)
/home/taebin/miniconda3/envs/tma/lib/python3.7/site-packages/sklearn/svm/_base.py:986: ConvergenceWarning: Liblinear failed to converge, increase the number of iterations.
  "the number of iterations.", ConvergenceWarning)
/home/taebin/miniconda3/envs/tma/lib/python3.7/site-packages/sklearn/svm/_base.py:986: ConvergenceWarning: Liblinear failed to converge, increase the number of iterations.
  "the number of iterations.", ConvergenceWarning)
/home/taebin/miniconda3/envs/tma/lib/python3.7/site-packages/sklearn/svm/_base.py:986: ConvergenceWarning: Liblinear failed to converge, increase the number of iterations.
  "the number of iterations.", ConvergenceWarning)
/home/taebin/miniconda3/envs/tma/lib/python3.7/site-packages/sklearn/svm/_base.py:986: ConvergenceWarning: Liblinear failed to converge, increase the number of iterations.
  "the number of iterations.", ConvergenceWarning)
/home/taebin/miniconda3/envs/tma/lib/python3.7/site-packages/sklearn/svm/_base.py:986: ConvergenceWarning: Liblinear failed to converge, increase the number of iterations.
  "the number of iterations.", ConvergenceWarning)
/home/taebin/miniconda3/envs/tma/lib/python3.7/site-packages/sklearn/svm/_base.py:986: ConvergenceWarning: Liblinear failed to converge, increase the number of iterations.
  "the number of iterations.", ConvergenceWarning)
/home/taebin/miniconda3/envs/tma/lib/python3.7/site-packages/sklearn/svm/_base.py:986: ConvergenceWarning: Liblinear failed to converge, increase the number of iterations.
  "the number of iterations.", ConvergenceWarning)
/home/taebin/miniconda3/envs/tma/lib/python3.7/site-packages/sklearn/svm/_base.py:986: ConvergenceWarning: Liblinear failed to converge, increase the number of iterations.
  "the number of iterations.", ConvergenceWarning)
/home/taebin/miniconda3/envs/tma/lib/python3.7/site-packages/sklearn/svm/_base.py:986: ConvergenceWarning: Liblinear failed to converge, increase the number of iterations.
  "the number of iterations.", ConvergenceWarning)
/home/taebin/miniconda3/envs/tma/lib/python3.7/site-packages/sklearn/svm/_base.py:986: ConvergenceWarning: Liblinear failed to converge, increase the number of iterations.
  "the number of iterations.", ConvergenceWarning)
/home/taebin/miniconda3/envs/tma/lib/python3.7/site-packages/sklearn/svm/_base.py:986: ConvergenceWarning: Liblinear failed to converge, increase the number of iterations.
  "the number of iterations.", ConvergenceWarning)
/home/taebin/miniconda3/envs/tma/lib/python3.7/site-packages/sklearn/svm/_base.py:986: ConvergenceWarning: Liblinear failed to converge, increase the number of iterations.
  "the number of iterations.", ConvergenceWarning)
/home/taebin/miniconda3/envs/tma/lib/python3.7/site-packages/sklearn/svm/_base.py:986: ConvergenceWarning: Liblinear failed to converge, increase the number of iterations.
  "the number of iterations.", ConvergenceWarning)
/home/taebin/miniconda3/envs/tma/lib/python3.7/site-packages/sklearn/svm/_base.py:986: ConvergenceWarning: Liblinear failed to converge, increase the number of iterations.
  "the number of iterations.", ConvergenceWarning)
/home/taebin/miniconda3/envs/tma/lib/python3.7/site-packages/sklearn/svm/_base.py:986: ConvergenceWarning: Liblinear failed to converge, increase the number of iterations.
  "the number of iterations.", ConvergenceWarning)
/home/taebin/miniconda3/envs/tma/lib/python3.7/site-packages/sklearn/svm/_base.py:986: ConvergenceWarning: Liblinear failed to converge, increase the number of iterations.
  "the number of iterations.", ConvergenceWarning)
/home/taebin/miniconda3/envs/tma/lib/python3.7/site-packages/sklearn/svm/_base.py:986: ConvergenceWarning: Liblinear failed to converge, increase the number of iterations.
  "the number of iterations.", ConvergenceWarning)
/home/taebin/miniconda3/envs/tma/lib/python3.7/site-packages/sklearn/svm/_base.py:986: ConvergenceWarning: Liblinear failed to converge, increase the number of iterations.
  "the number of iterations.", ConvergenceWarning)
/home/taebin/miniconda3/envs/tma/lib/python3.7/site-packages/sklearn/svm/_base.py:986: ConvergenceWarning: Liblinear failed to converge, increase the number of iterations.
  "the number of iterations.", ConvergenceWarning)
/home/taebin/miniconda3/envs/tma/lib/python3.7/site-packages/sklearn/svm/_base.py:986: ConvergenceWarning: Liblinear failed to converge, increase the number of iterations.
  "the number of iterations.", ConvergenceWarning)
/home/taebin/miniconda3/envs/tma/lib/python3.7/site-packages/sklearn/svm/_base.py:986: ConvergenceWarning: Liblinear failed to converge, increase the number of iterations.
  "the number of iterations.", ConvergenceWarning)
/home/taebin/miniconda3/envs/tma/lib/python3.7/site-packages/sklearn/svm/_base.py:986: ConvergenceWarning: Liblinear failed to converge, increase the number of iterations.
  "the number of iterations.", ConvergenceWarning)
/home/taebin/miniconda3/envs/tma/lib/python3.7/site-packages/sklearn/svm/_base.py:986: ConvergenceWarning: Liblinear failed to converge, increase the number of iterations.
  "the number of iterations.", ConvergenceWarning)
/home/taebin/miniconda3/envs/tma/lib/python3.7/site-packages/sklearn/svm/_base.py:986: ConvergenceWarning: Liblinear failed to converge, increase the number of iterations.
  "the number of iterations.", ConvergenceWarning)
/home/taebin/miniconda3/envs/tma/lib/python3.7/site-packages/sklearn/svm/_base.py:986: ConvergenceWarning: Liblinear failed to converge, increase the number of iterations.
  "the number of iterations.", ConvergenceWarning)
/home/taebin/miniconda3/envs/tma/lib/python3.7/site-packages/sklearn/svm/_base.py:986: ConvergenceWarning: Liblinear failed to converge, increase the number of iterations.
  "the number of iterations.", ConvergenceWarning)
/home/taebin/miniconda3/envs/tma/lib/python3.7/site-packages/sklearn/svm/_base.py:986: ConvergenceWarning: Liblinear failed to converge, increase the number of iterations.
  "the number of iterations.", ConvergenceWarning)
/home/taebin/miniconda3/envs/tma/lib/python3.7/site-packages/sklearn/svm/_base.py:986: ConvergenceWarning: Liblinear failed to converge, increase the number of iterations.
  "the number of iterations.", ConvergenceWarning)
/home/taebin/miniconda3/envs/tma/lib/python3.7/site-packages/sklearn/svm/_base.py:986: ConvergenceWarning: Liblinear failed to converge, increase the number of iterations.
  "the number of iterations.", ConvergenceWarning)
/home/taebin/miniconda3/envs/tma/lib/python3.7/site-packages/sklearn/svm/_base.py:986: ConvergenceWarning: Liblinear failed to converge, increase the number of iterations.
  "the number of iterations.", ConvergenceWarning)
/home/taebin/miniconda3/envs/tma/lib/python3.7/site-packages/sklearn/svm/_base.py:986: ConvergenceWarning: Liblinear failed to converge, increase the number of iterations.
  "the number of iterations.", ConvergenceWarning)
/home/taebin/miniconda3/envs/tma/lib/python3.7/site-packages/sklearn/svm/_base.py:986: ConvergenceWarning: Liblinear failed to converge, increase the number of iterations.
  "the number of iterations.", ConvergenceWarning)
/home/taebin/miniconda3/envs/tma/lib/python3.7/site-packages/sklearn/svm/_base.py:986: ConvergenceWarning: Liblinear failed to converge, increase the number of iterations.
  "the number of iterations.", ConvergenceWarning)
/home/taebin/miniconda3/envs/tma/lib/python3.7/site-packages/sklearn/svm/_base.py:986: ConvergenceWarning: Liblinear failed to converge, increase the number of iterations.
  "the number of iterations.", ConvergenceWarning)
/home/taebin/miniconda3/envs/tma/lib/python3.7/site-packages/sklearn/svm/_base.py:986: ConvergenceWarning: Liblinear failed to converge, increase the number of iterations.
  "the number of iterations.", ConvergenceWarning)
/home/taebin/miniconda3/envs/tma/lib/python3.7/site-packages/sklearn/svm/_base.py:986: ConvergenceWarning: Liblinear failed to converge, increase the number of iterations.
  "the number of iterations.", ConvergenceWarning)
/home/taebin/miniconda3/envs/tma/lib/python3.7/site-packages/sklearn/svm/_base.py:986: ConvergenceWarning: Liblinear failed to converge, increase the number of iterations.
  "the number of iterations.", ConvergenceWarning)
/home/taebin/miniconda3/envs/tma/lib/python3.7/site-packages/sklearn/svm/_base.py:986: ConvergenceWarning: Liblinear failed to converge, increase the number of iterations.
  "the number of iterations.", ConvergenceWarning)
/home/taebin/miniconda3/envs/tma/lib/python3.7/site-packages/sklearn/svm/_base.py:986: ConvergenceWarning: Liblinear failed to converge, increase the number of iterations.
  "the number of iterations.", ConvergenceWarning)
/home/taebin/miniconda3/envs/tma/lib/python3.7/site-packages/sklearn/svm/_base.py:986: ConvergenceWarning: Liblinear failed to converge, increase the number of iterations.
  "the number of iterations.", ConvergenceWarning)
/home/taebin/miniconda3/envs/tma/lib/python3.7/site-packages/sklearn/svm/_base.py:986: ConvergenceWarning: Liblinear failed to converge, increase the number of iterations.
  "the number of iterations.", ConvergenceWarning)
/home/taebin/miniconda3/envs/tma/lib/python3.7/site-packages/sklearn/svm/_base.py:986: ConvergenceWarning: Liblinear failed to converge, increase the number of iterations.
  "the number of iterations.", ConvergenceWarning)
/home/taebin/miniconda3/envs/tma/lib/python3.7/site-packages/sklearn/svm/_base.py:986: ConvergenceWarning: Liblinear failed to converge, increase the number of iterations.
  "the number of iterations.", ConvergenceWarning)
/home/taebin/miniconda3/envs/tma/lib/python3.7/site-packages/sklearn/svm/_base.py:986: ConvergenceWarning: Liblinear failed to converge, increase the number of iterations.
  "the number of iterations.", ConvergenceWarning)
/home/taebin/miniconda3/envs/tma/lib/python3.7/site-packages/sklearn/svm/_base.py:986: ConvergenceWarning: Liblinear failed to converge, increase the number of iterations.
  "the number of iterations.", ConvergenceWarning)
/home/taebin/miniconda3/envs/tma/lib/python3.7/site-packages/sklearn/svm/_base.py:986: ConvergenceWarning: Liblinear failed to converge, increase the number of iterations.
  "the number of iterations.", ConvergenceWarning)
/home/taebin/miniconda3/envs/tma/lib/python3.7/site-packages/sklearn/svm/_base.py:986: ConvergenceWarning: Liblinear failed to converge, increase the number of iterations.
  "the number of iterations.", ConvergenceWarning)
/home/taebin/miniconda3/envs/tma/lib/python3.7/site-packages/sklearn/svm/_base.py:986: ConvergenceWarning: Liblinear failed to converge, increase the number of iterations.
  "the number of iterations.", ConvergenceWarning)
/home/taebin/miniconda3/envs/tma/lib/python3.7/site-packages/sklearn/svm/_base.py:986: ConvergenceWarning: Liblinear failed to converge, increase the number of iterations.
  "the number of iterations.", ConvergenceWarning)
/home/taebin/miniconda3/envs/tma/lib/python3.7/site-packages/sklearn/svm/_base.py:986: ConvergenceWarning: Liblinear failed to converge, increase the number of iterations.
  "the number of iterations.", ConvergenceWarning)
/home/taebin/miniconda3/envs/tma/lib/python3.7/site-packages/sklearn/svm/_base.py:986: ConvergenceWarning: Liblinear failed to converge, increase the number of iterations.
  "the number of iterations.", ConvergenceWarning)
/home/taebin/miniconda3/envs/tma/lib/python3.7/site-packages/sklearn/svm/_base.py:986: ConvergenceWarning: Liblinear failed to converge, increase the number of iterations.
  "the number of iterations.", ConvergenceWarning)
/home/taebin/miniconda3/envs/tma/lib/python3.7/site-packages/sklearn/svm/_base.py:986: ConvergenceWarning: Liblinear failed to converge, increase the number of iterations.
  "the number of iterations.", ConvergenceWarning)
/home/taebin/miniconda3/envs/tma/lib/python3.7/site-packages/sklearn/svm/_base.py:986: ConvergenceWarning: Liblinear failed to converge, increase the number of iterations.
  "the number of iterations.", ConvergenceWarning)
/home/taebin/miniconda3/envs/tma/lib/python3.7/site-packages/sklearn/svm/_base.py:986: ConvergenceWarning: Liblinear failed to converge, increase the number of iterations.
  "the number of iterations.", ConvergenceWarning)
/home/taebin/miniconda3/envs/tma/lib/python3.7/site-packages/sklearn/svm/_base.py:986: ConvergenceWarning: Liblinear failed to converge, increase the number of iterations.
  "the number of iterations.", ConvergenceWarning)
/home/taebin/miniconda3/envs/tma/lib/python3.7/site-packages/sklearn/svm/_base.py:986: ConvergenceWarning: Liblinear failed to converge, increase the number of iterations.
  "the number of iterations.", ConvergenceWarning)
/home/taebin/miniconda3/envs/tma/lib/python3.7/site-packages/sklearn/svm/_base.py:986: ConvergenceWarning: Liblinear failed to converge, increase the number of iterations.
  "the number of iterations.", ConvergenceWarning)
/home/taebin/miniconda3/envs/tma/lib/python3.7/site-packages/sklearn/svm/_base.py:986: ConvergenceWarning: Liblinear failed to converge, increase the number of iterations.
  "the number of iterations.", ConvergenceWarning)
/home/taebin/miniconda3/envs/tma/lib/python3.7/site-packages/sklearn/svm/_base.py:986: ConvergenceWarning: Liblinear failed to converge, increase the number of iterations.
  "the number of iterations.", ConvergenceWarning)
/home/taebin/miniconda3/envs/tma/lib/python3.7/site-packages/sklearn/svm/_base.py:986: ConvergenceWarning: Liblinear failed to converge, increase the number of iterations.
  "the number of iterations.", ConvergenceWarning)
/home/taebin/miniconda3/envs/tma/lib/python3.7/site-packages/sklearn/svm/_base.py:986: ConvergenceWarning: Liblinear failed to converge, increase the number of iterations.
  "the number of iterations.", ConvergenceWarning)
/home/taebin/miniconda3/envs/tma/lib/python3.7/site-packages/sklearn/svm/_base.py:986: ConvergenceWarning: Liblinear failed to converge, increase the number of iterations.
  "the number of iterations.", ConvergenceWarning)
/home/taebin/miniconda3/envs/tma/lib/python3.7/site-packages/sklearn/svm/_base.py:986: ConvergenceWarning: Liblinear failed to converge, increase the number of iterations.
  "the number of iterations.", ConvergenceWarning)
/home/taebin/miniconda3/envs/tma/lib/python3.7/site-packages/sklearn/svm/_base.py:986: ConvergenceWarning: Liblinear failed to converge, increase the number of iterations.
  "the number of iterations.", ConvergenceWarning)
/home/taebin/miniconda3/envs/tma/lib/python3.7/site-packages/sklearn/svm/_base.py:986: ConvergenceWarning: Liblinear failed to converge, increase the number of iterations.
  "the number of iterations.", ConvergenceWarning)
/home/taebin/miniconda3/envs/tma/lib/python3.7/site-packages/sklearn/svm/_base.py:986: ConvergenceWarning: Liblinear failed to converge, increase the number of iterations.
  "the number of iterations.", ConvergenceWarning)
/home/taebin/miniconda3/envs/tma/lib/python3.7/site-packages/sklearn/svm/_base.py:986: ConvergenceWarning: Liblinear failed to converge, increase the number of iterations.
  "the number of iterations.", ConvergenceWarning)
/home/taebin/miniconda3/envs/tma/lib/python3.7/site-packages/sklearn/svm/_base.py:986: ConvergenceWarning: Liblinear failed to converge, increase the number of iterations.
  "the number of iterations.", ConvergenceWarning)
/home/taebin/miniconda3/envs/tma/lib/python3.7/site-packages/sklearn/svm/_base.py:986: ConvergenceWarning: Liblinear failed to converge, increase the number of iterations.
  "the number of iterations.", ConvergenceWarning)
/home/taebin/miniconda3/envs/tma/lib/python3.7/site-packages/sklearn/svm/_base.py:986: ConvergenceWarning: Liblinear failed to converge, increase the number of iterations.
  "the number of iterations.", ConvergenceWarning)
/home/taebin/miniconda3/envs/tma/lib/python3.7/site-packages/sklearn/svm/_base.py:986: ConvergenceWarning: Liblinear failed to converge, increase the number of iterations.
  "the number of iterations.", ConvergenceWarning)
/home/taebin/miniconda3/envs/tma/lib/python3.7/site-packages/sklearn/svm/_base.py:986: ConvergenceWarning: Liblinear failed to converge, increase the number of iterations.
  "the number of iterations.", ConvergenceWarning)
/home/taebin/miniconda3/envs/tma/lib/python3.7/site-packages/sklearn/svm/_base.py:986: ConvergenceWarning: Liblinear failed to converge, increase the number of iterations.
  "the number of iterations.", ConvergenceWarning)
/home/taebin/miniconda3/envs/tma/lib/python3.7/site-packages/sklearn/svm/_base.py:986: ConvergenceWarning: Liblinear failed to converge, increase the number of iterations.
  "the number of iterations.", ConvergenceWarning)
/home/taebin/miniconda3/envs/tma/lib/python3.7/site-packages/sklearn/svm/_base.py:986: ConvergenceWarning: Liblinear failed to converge, increase the number of iterations.
  "the number of iterations.", ConvergenceWarning)
/home/taebin/miniconda3/envs/tma/lib/python3.7/site-packages/sklearn/svm/_base.py:986: ConvergenceWarning: Liblinear failed to converge, increase the number of iterations.
  "the number of iterations.", ConvergenceWarning)
/home/taebin/miniconda3/envs/tma/lib/python3.7/site-packages/sklearn/svm/_base.py:986: ConvergenceWarning: Liblinear failed to converge, increase the number of iterations.
  "the number of iterations.", ConvergenceWarning)
/home/taebin/miniconda3/envs/tma/lib/python3.7/site-packages/sklearn/svm/_base.py:986: ConvergenceWarning: Liblinear failed to converge, increase the number of iterations.
  "the number of iterations.", ConvergenceWarning)
/home/taebin/miniconda3/envs/tma/lib/python3.7/site-packages/sklearn/svm/_base.py:986: ConvergenceWarning: Liblinear failed to converge, increase the number of iterations.
  "the number of iterations.", ConvergenceWarning)
/home/taebin/miniconda3/envs/tma/lib/python3.7/site-packages/sklearn/svm/_base.py:986: ConvergenceWarning: Liblinear failed to converge, increase the number of iterations.
  "the number of iterations.", ConvergenceWarning)
/home/taebin/miniconda3/envs/tma/lib/python3.7/site-packages/sklearn/svm/_base.py:986: ConvergenceWarning: Liblinear failed to converge, increase the number of iterations.
  "the number of iterations.", ConvergenceWarning)
/home/taebin/miniconda3/envs/tma/lib/python3.7/site-packages/sklearn/svm/_base.py:986: ConvergenceWarning: Liblinear failed to converge, increase the number of iterations.
  "the number of iterations.", ConvergenceWarning)
/home/taebin/miniconda3/envs/tma/lib/python3.7/site-packages/sklearn/svm/_base.py:986: ConvergenceWarning: Liblinear failed to converge, increase the number of iterations.
  "the number of iterations.", ConvergenceWarning)
/home/taebin/miniconda3/envs/tma/lib/python3.7/site-packages/sklearn/svm/_base.py:986: ConvergenceWarning: Liblinear failed to converge, increase the number of iterations.
  "the number of iterations.", ConvergenceWarning)
/home/taebin/miniconda3/envs/tma/lib/python3.7/site-packages/sklearn/svm/_base.py:986: ConvergenceWarning: Liblinear failed to converge, increase the number of iterations.
  "the number of iterations.", ConvergenceWarning)
/home/taebin/miniconda3/envs/tma/lib/python3.7/site-packages/sklearn/svm/_base.py:986: ConvergenceWarning: Liblinear failed to converge, increase the number of iterations.
  "the number of iterations.", ConvergenceWarning)
/home/taebin/miniconda3/envs/tma/lib/python3.7/site-packages/sklearn/svm/_base.py:986: ConvergenceWarning: Liblinear failed to converge, increase the number of iterations.
  "the number of iterations.", ConvergenceWarning)
/home/taebin/miniconda3/envs/tma/lib/python3.7/site-packages/sklearn/svm/_base.py:986: ConvergenceWarning: Liblinear failed to converge, increase the number of iterations.
  "the number of iterations.", ConvergenceWarning)
/home/taebin/miniconda3/envs/tma/lib/python3.7/site-packages/sklearn/svm/_base.py:986: ConvergenceWarning: Liblinear failed to converge, increase the number of iterations.
  "the number of iterations.", ConvergenceWarning)
/home/taebin/miniconda3/envs/tma/lib/python3.7/site-packages/sklearn/svm/_base.py:986: ConvergenceWarning: Liblinear failed to converge, increase the number of iterations.
  "the number of iterations.", ConvergenceWarning)
/home/taebin/miniconda3/envs/tma/lib/python3.7/site-packages/sklearn/svm/_base.py:986: ConvergenceWarning: Liblinear failed to converge, increase the number of iterations.
  "the number of iterations.", ConvergenceWarning)
/home/taebin/miniconda3/envs/tma/lib/python3.7/site-packages/sklearn/svm/_base.py:986: ConvergenceWarning: Liblinear failed to converge, increase the number of iterations.
  "the number of iterations.", ConvergenceWarning)
/home/taebin/miniconda3/envs/tma/lib/python3.7/site-packages/sklearn/svm/_base.py:986: ConvergenceWarning: Liblinear failed to converge, increase the number of iterations.
  "the number of iterations.", ConvergenceWarning)
/home/taebin/miniconda3/envs/tma/lib/python3.7/site-packages/sklearn/svm/_base.py:986: ConvergenceWarning: Liblinear failed to converge, increase the number of iterations.
  "the number of iterations.", ConvergenceWarning)
/home/taebin/miniconda3/envs/tma/lib/python3.7/site-packages/sklearn/svm/_base.py:986: ConvergenceWarning: Liblinear failed to converge, increase the number of iterations.
  "the number of iterations.", ConvergenceWarning)
/home/taebin/miniconda3/envs/tma/lib/python3.7/site-packages/sklearn/svm/_base.py:986: ConvergenceWarning: Liblinear failed to converge, increase the number of iterations.
  "the number of iterations.", ConvergenceWarning)
/home/taebin/miniconda3/envs/tma/lib/python3.7/site-packages/sklearn/svm/_base.py:986: ConvergenceWarning: Liblinear failed to converge, increase the number of iterations.
  "the number of iterations.", ConvergenceWarning)
/home/taebin/miniconda3/envs/tma/lib/python3.7/site-packages/sklearn/svm/_base.py:986: ConvergenceWarning: Liblinear failed to converge, increase the number of iterations.
  "the number of iterations.", ConvergenceWarning)
/home/taebin/miniconda3/envs/tma/lib/python3.7/site-packages/sklearn/svm/_base.py:986: ConvergenceWarning: Liblinear failed to converge, increase the number of iterations.
  "the number of iterations.", ConvergenceWarning)
/home/taebin/miniconda3/envs/tma/lib/python3.7/site-packages/sklearn/svm/_base.py:986: ConvergenceWarning: Liblinear failed to converge, increase the number of iterations.
  "the number of iterations.", ConvergenceWarning)
/home/taebin/miniconda3/envs/tma/lib/python3.7/site-packages/sklearn/svm/_base.py:986: ConvergenceWarning: Liblinear failed to converge, increase the number of iterations.
  "the number of iterations.", ConvergenceWarning)
/home/taebin/miniconda3/envs/tma/lib/python3.7/site-packages/sklearn/svm/_base.py:986: ConvergenceWarning: Liblinear failed to converge, increase the number of iterations.
  "the number of iterations.", ConvergenceWarning)
/home/taebin/miniconda3/envs/tma/lib/python3.7/site-packages/sklearn/svm/_base.py:986: ConvergenceWarning: Liblinear failed to converge, increase the number of iterations.
  "the number of iterations.", ConvergenceWarning)
/home/taebin/miniconda3/envs/tma/lib/python3.7/site-packages/sklearn/svm/_base.py:986: ConvergenceWarning: Liblinear failed to converge, increase the number of iterations.
  "the number of iterations.", ConvergenceWarning)
/home/taebin/miniconda3/envs/tma/lib/python3.7/site-packages/sklearn/svm/_base.py:986: ConvergenceWarning: Liblinear failed to converge, increase the number of iterations.
  "the number of iterations.", ConvergenceWarning)
/home/taebin/miniconda3/envs/tma/lib/python3.7/site-packages/sklearn/svm/_base.py:986: ConvergenceWarning: Liblinear failed to converge, increase the number of iterations.
  "the number of iterations.", ConvergenceWarning)
/home/taebin/miniconda3/envs/tma/lib/python3.7/site-packages/sklearn/svm/_base.py:986: ConvergenceWarning: Liblinear failed to converge, increase the number of iterations.
  "the number of iterations.", ConvergenceWarning)
/home/taebin/miniconda3/envs/tma/lib/python3.7/site-packages/sklearn/svm/_base.py:986: ConvergenceWarning: Liblinear failed to converge, increase the number of iterations.
  "the number of iterations.", ConvergenceWarning)
/home/taebin/miniconda3/envs/tma/lib/python3.7/site-packages/sklearn/svm/_base.py:986: ConvergenceWarning: Liblinear failed to converge, increase the number of iterations.
  "the number of iterations.", ConvergenceWarning)
/home/taebin/miniconda3/envs/tma/lib/python3.7/site-packages/sklearn/svm/_base.py:986: ConvergenceWarning: Liblinear failed to converge, increase the number of iterations.
  "the number of iterations.", ConvergenceWarning)
/home/taebin/miniconda3/envs/tma/lib/python3.7/site-packages/sklearn/svm/_base.py:986: ConvergenceWarning: Liblinear failed to converge, increase the number of iterations.
  "the number of iterations.", ConvergenceWarning)
/home/taebin/miniconda3/envs/tma/lib/python3.7/site-packages/sklearn/svm/_base.py:986: ConvergenceWarning: Liblinear failed to converge, increase the number of iterations.
  "the number of iterations.", ConvergenceWarning)
/home/taebin/miniconda3/envs/tma/lib/python3.7/site-packages/sklearn/svm/_base.py:986: ConvergenceWarning: Liblinear failed to converge, increase the number of iterations.
  "the number of iterations.", ConvergenceWarning)
/home/taebin/miniconda3/envs/tma/lib/python3.7/site-packages/sklearn/svm/_base.py:986: ConvergenceWarning: Liblinear failed to converge, increase the number of iterations.
  "the number of iterations.", ConvergenceWarning)
/home/taebin/miniconda3/envs/tma/lib/python3.7/site-packages/sklearn/svm/_base.py:986: ConvergenceWarning: Liblinear failed to converge, increase the number of iterations.
  "the number of iterations.", ConvergenceWarning)
/home/taebin/miniconda3/envs/tma/lib/python3.7/site-packages/sklearn/svm/_base.py:986: ConvergenceWarning: Liblinear failed to converge, increase the number of iterations.
  "the number of iterations.", ConvergenceWarning)
/home/taebin/miniconda3/envs/tma/lib/python3.7/site-packages/sklearn/svm/_base.py:986: ConvergenceWarning: Liblinear failed to converge, increase the number of iterations.
  "the number of iterations.", ConvergenceWarning)
/home/taebin/miniconda3/envs/tma/lib/python3.7/site-packages/sklearn/svm/_base.py:986: ConvergenceWarning: Liblinear failed to converge, increase the number of iterations.
  "the number of iterations.", ConvergenceWarning)
/home/taebin/miniconda3/envs/tma/lib/python3.7/site-packages/sklearn/svm/_base.py:986: ConvergenceWarning: Liblinear failed to converge, increase the number of iterations.
  "the number of iterations.", ConvergenceWarning)
/home/taebin/miniconda3/envs/tma/lib/python3.7/site-packages/sklearn/svm/_base.py:986: ConvergenceWarning: Liblinear failed to converge, increase the number of iterations.
  "the number of iterations.", ConvergenceWarning)
/home/taebin/miniconda3/envs/tma/lib/python3.7/site-packages/sklearn/svm/_base.py:986: ConvergenceWarning: Liblinear failed to converge, increase the number of iterations.
  "the number of iterations.", ConvergenceWarning)
/home/taebin/miniconda3/envs/tma/lib/python3.7/site-packages/sklearn/svm/_base.py:986: ConvergenceWarning: Liblinear failed to converge, increase the number of iterations.
  "the number of iterations.", ConvergenceWarning)
/home/taebin/miniconda3/envs/tma/lib/python3.7/site-packages/sklearn/svm/_base.py:986: ConvergenceWarning: Liblinear failed to converge, increase the number of iterations.
  "the number of iterations.", ConvergenceWarning)
/home/taebin/miniconda3/envs/tma/lib/python3.7/site-packages/sklearn/svm/_base.py:986: ConvergenceWarning: Liblinear failed to converge, increase the number of iterations.
  "the number of iterations.", ConvergenceWarning)
/home/taebin/miniconda3/envs/tma/lib/python3.7/site-packages/sklearn/svm/_base.py:986: ConvergenceWarning: Liblinear failed to converge, increase the number of iterations.
  "the number of iterations.", ConvergenceWarning)
/home/taebin/miniconda3/envs/tma/lib/python3.7/site-packages/sklearn/svm/_base.py:986: ConvergenceWarning: Liblinear failed to converge, increase the number of iterations.
  "the number of iterations.", ConvergenceWarning)
/home/taebin/miniconda3/envs/tma/lib/python3.7/site-packages/sklearn/svm/_base.py:986: ConvergenceWarning: Liblinear failed to converge, increase the number of iterations.
  "the number of iterations.", ConvergenceWarning)
/home/taebin/miniconda3/envs/tma/lib/python3.7/site-packages/sklearn/svm/_base.py:986: ConvergenceWarning: Liblinear failed to converge, increase the number of iterations.
  "the number of iterations.", ConvergenceWarning)
/home/taebin/miniconda3/envs/tma/lib/python3.7/site-packages/sklearn/svm/_base.py:986: ConvergenceWarning: Liblinear failed to converge, increase the number of iterations.
  "the number of iterations.", ConvergenceWarning)
/home/taebin/miniconda3/envs/tma/lib/python3.7/site-packages/sklearn/svm/_base.py:986: ConvergenceWarning: Liblinear failed to converge, increase the number of iterations.
  "the number of iterations.", ConvergenceWarning)
/home/taebin/miniconda3/envs/tma/lib/python3.7/site-packages/sklearn/svm/_base.py:986: ConvergenceWarning: Liblinear failed to converge, increase the number of iterations.
  "the number of iterations.", ConvergenceWarning)
/home/taebin/miniconda3/envs/tma/lib/python3.7/site-packages/sklearn/svm/_base.py:986: ConvergenceWarning: Liblinear failed to converge, increase the number of iterations.
  "the number of iterations.", ConvergenceWarning)
/home/taebin/miniconda3/envs/tma/lib/python3.7/site-packages/sklearn/svm/_base.py:986: ConvergenceWarning: Liblinear failed to converge, increase the number of iterations.
  "the number of iterations.", ConvergenceWarning)
/home/taebin/miniconda3/envs/tma/lib/python3.7/site-packages/sklearn/svm/_base.py:986: ConvergenceWarning: Liblinear failed to converge, increase the number of iterations.
  "the number of iterations.", ConvergenceWarning)
/home/taebin/miniconda3/envs/tma/lib/python3.7/site-packages/sklearn/svm/_base.py:986: ConvergenceWarning: Liblinear failed to converge, increase the number of iterations.
  "the number of iterations.", ConvergenceWarning)
/home/taebin/miniconda3/envs/tma/lib/python3.7/site-packages/sklearn/svm/_base.py:986: ConvergenceWarning: Liblinear failed to converge, increase the number of iterations.
  "the number of iterations.", ConvergenceWarning)
/home/taebin/miniconda3/envs/tma/lib/python3.7/site-packages/sklearn/svm/_base.py:986: ConvergenceWarning: Liblinear failed to converge, increase the number of iterations.
  "the number of iterations.", ConvergenceWarning)
/home/taebin/miniconda3/envs/tma/lib/python3.7/site-packages/sklearn/svm/_base.py:986: ConvergenceWarning: Liblinear failed to converge, increase the number of iterations.
  "the number of iterations.", ConvergenceWarning)
/home/taebin/miniconda3/envs/tma/lib/python3.7/site-packages/sklearn/svm/_base.py:986: ConvergenceWarning: Liblinear failed to converge, increase the number of iterations.
  "the number of iterations.", ConvergenceWarning)
/home/taebin/miniconda3/envs/tma/lib/python3.7/site-packages/sklearn/svm/_base.py:986: ConvergenceWarning: Liblinear failed to converge, increase the number of iterations.
  "the number of iterations.", ConvergenceWarning)
/home/taebin/miniconda3/envs/tma/lib/python3.7/site-packages/sklearn/svm/_base.py:986: ConvergenceWarning: Liblinear failed to converge, increase the number of iterations.
  "the number of iterations.", ConvergenceWarning)
/home/taebin/miniconda3/envs/tma/lib/python3.7/site-packages/sklearn/svm/_base.py:986: ConvergenceWarning: Liblinear failed to converge, increase the number of iterations.
  "the number of iterations.", ConvergenceWarning)
/home/taebin/miniconda3/envs/tma/lib/python3.7/site-packages/sklearn/svm/_base.py:986: ConvergenceWarning: Liblinear failed to converge, increase the number of iterations.
  "the number of iterations.", ConvergenceWarning)
/home/taebin/miniconda3/envs/tma/lib/python3.7/site-packages/sklearn/svm/_base.py:986: ConvergenceWarning: Liblinear failed to converge, increase the number of iterations.
  "the number of iterations.", ConvergenceWarning)
/home/taebin/miniconda3/envs/tma/lib/python3.7/site-packages/sklearn/svm/_base.py:986: ConvergenceWarning: Liblinear failed to converge, increase the number of iterations.
  "the number of iterations.", ConvergenceWarning)
/home/taebin/miniconda3/envs/tma/lib/python3.7/site-packages/sklearn/svm/_base.py:986: ConvergenceWarning: Liblinear failed to converge, increase the number of iterations.
  "the number of iterations.", ConvergenceWarning)
/home/taebin/miniconda3/envs/tma/lib/python3.7/site-packages/sklearn/svm/_base.py:986: ConvergenceWarning: Liblinear failed to converge, increase the number of iterations.
  "the number of iterations.", ConvergenceWarning)
/home/taebin/miniconda3/envs/tma/lib/python3.7/site-packages/sklearn/svm/_base.py:986: ConvergenceWarning: Liblinear failed to converge, increase the number of iterations.
  "the number of iterations.", ConvergenceWarning)
/home/taebin/miniconda3/envs/tma/lib/python3.7/site-packages/sklearn/svm/_base.py:986: ConvergenceWarning: Liblinear failed to converge, increase the number of iterations.
  "the number of iterations.", ConvergenceWarning)
/home/taebin/miniconda3/envs/tma/lib/python3.7/site-packages/sklearn/svm/_base.py:986: ConvergenceWarning: Liblinear failed to converge, increase the number of iterations.
  "the number of iterations.", ConvergenceWarning)
/home/taebin/miniconda3/envs/tma/lib/python3.7/site-packages/sklearn/svm/_base.py:986: ConvergenceWarning: Liblinear failed to converge, increase the number of iterations.
  "the number of iterations.", ConvergenceWarning)
/home/taebin/miniconda3/envs/tma/lib/python3.7/site-packages/sklearn/svm/_base.py:986: ConvergenceWarning: Liblinear failed to converge, increase the number of iterations.
  "the number of iterations.", ConvergenceWarning)
/home/taebin/miniconda3/envs/tma/lib/python3.7/site-packages/sklearn/svm/_base.py:986: ConvergenceWarning: Liblinear failed to converge, increase the number of iterations.
  "the number of iterations.", ConvergenceWarning)
/home/taebin/miniconda3/envs/tma/lib/python3.7/site-packages/sklearn/svm/_base.py:986: ConvergenceWarning: Liblinear failed to converge, increase the number of iterations.
  "the number of iterations.", ConvergenceWarning)
/home/taebin/miniconda3/envs/tma/lib/python3.7/site-packages/sklearn/svm/_base.py:986: ConvergenceWarning: Liblinear failed to converge, increase the number of iterations.
  "the number of iterations.", ConvergenceWarning)
/home/taebin/miniconda3/envs/tma/lib/python3.7/site-packages/sklearn/svm/_base.py:986: ConvergenceWarning: Liblinear failed to converge, increase the number of iterations.
  "the number of iterations.", ConvergenceWarning)
/home/taebin/miniconda3/envs/tma/lib/python3.7/site-packages/sklearn/svm/_base.py:986: ConvergenceWarning: Liblinear failed to converge, increase the number of iterations.
  "the number of iterations.", ConvergenceWarning)
/home/taebin/miniconda3/envs/tma/lib/python3.7/site-packages/sklearn/svm/_base.py:986: ConvergenceWarning: Liblinear failed to converge, increase the number of iterations.
  "the number of iterations.", ConvergenceWarning)
/home/taebin/miniconda3/envs/tma/lib/python3.7/site-packages/sklearn/svm/_base.py:986: ConvergenceWarning: Liblinear failed to converge, increase the number of iterations.
  "the number of iterations.", ConvergenceWarning)
/home/taebin/miniconda3/envs/tma/lib/python3.7/site-packages/sklearn/svm/_base.py:986: ConvergenceWarning: Liblinear failed to converge, increase the number of iterations.
  "the number of iterations.", ConvergenceWarning)
/home/taebin/miniconda3/envs/tma/lib/python3.7/site-packages/sklearn/svm/_base.py:986: ConvergenceWarning: Liblinear failed to converge, increase the number of iterations.
  "the number of iterations.", ConvergenceWarning)
/home/taebin/miniconda3/envs/tma/lib/python3.7/site-packages/sklearn/svm/_base.py:986: ConvergenceWarning: Liblinear failed to converge, increase the number of iterations.
  "the number of iterations.", ConvergenceWarning)
/home/taebin/miniconda3/envs/tma/lib/python3.7/site-packages/sklearn/svm/_base.py:986: ConvergenceWarning: Liblinear failed to converge, increase the number of iterations.
  "the number of iterations.", ConvergenceWarning)
/home/taebin/miniconda3/envs/tma/lib/python3.7/site-packages/sklearn/svm/_base.py:986: ConvergenceWarning: Liblinear failed to converge, increase the number of iterations.
  "the number of iterations.", ConvergenceWarning)
/home/taebin/miniconda3/envs/tma/lib/python3.7/site-packages/sklearn/svm/_base.py:986: ConvergenceWarning: Liblinear failed to converge, increase the number of iterations.
  "the number of iterations.", ConvergenceWarning)
/home/taebin/miniconda3/envs/tma/lib/python3.7/site-packages/sklearn/svm/_base.py:986: ConvergenceWarning: Liblinear failed to converge, increase the number of iterations.
  "the number of iterations.", ConvergenceWarning)
/home/taebin/miniconda3/envs/tma/lib/python3.7/site-packages/sklearn/svm/_base.py:986: ConvergenceWarning: Liblinear failed to converge, increase the number of iterations.
  "the number of iterations.", ConvergenceWarning)
/home/taebin/miniconda3/envs/tma/lib/python3.7/site-packages/sklearn/svm/_base.py:986: ConvergenceWarning: Liblinear failed to converge, increase the number of iterations.
  "the number of iterations.", ConvergenceWarning)
/home/taebin/miniconda3/envs/tma/lib/python3.7/site-packages/sklearn/svm/_base.py:986: ConvergenceWarning: Liblinear failed to converge, increase the number of iterations.
  "the number of iterations.", ConvergenceWarning)
/home/taebin/miniconda3/envs/tma/lib/python3.7/site-packages/sklearn/svm/_base.py:986: ConvergenceWarning: Liblinear failed to converge, increase the number of iterations.
  "the number of iterations.", ConvergenceWarning)
/home/taebin/miniconda3/envs/tma/lib/python3.7/site-packages/sklearn/svm/_base.py:986: ConvergenceWarning: Liblinear failed to converge, increase the number of iterations.
  "the number of iterations.", ConvergenceWarning)
/home/taebin/miniconda3/envs/tma/lib/python3.7/site-packages/sklearn/svm/_base.py:986: ConvergenceWarning: Liblinear failed to converge, increase the number of iterations.
  "the number of iterations.", ConvergenceWarning)
/home/taebin/miniconda3/envs/tma/lib/python3.7/site-packages/sklearn/svm/_base.py:986: ConvergenceWarning: Liblinear failed to converge, increase the number of iterations.
  "the number of iterations.", ConvergenceWarning)
/home/taebin/miniconda3/envs/tma/lib/python3.7/site-packages/sklearn/svm/_base.py:986: ConvergenceWarning: Liblinear failed to converge, increase the number of iterations.
  "the number of iterations.", ConvergenceWarning)
/home/taebin/miniconda3/envs/tma/lib/python3.7/site-packages/sklearn/svm/_base.py:986: ConvergenceWarning: Liblinear failed to converge, increase the number of iterations.
  "the number of iterations.", ConvergenceWarning)
/home/taebin/miniconda3/envs/tma/lib/python3.7/site-packages/sklearn/svm/_base.py:986: ConvergenceWarning: Liblinear failed to converge, increase the number of iterations.
  "the number of iterations.", ConvergenceWarning)
/home/taebin/miniconda3/envs/tma/lib/python3.7/site-packages/sklearn/svm/_base.py:986: ConvergenceWarning: Liblinear failed to converge, increase the number of iterations.
  "the number of iterations.", ConvergenceWarning)
/home/taebin/miniconda3/envs/tma/lib/python3.7/site-packages/sklearn/svm/_base.py:986: ConvergenceWarning: Liblinear failed to converge, increase the number of iterations.
  "the number of iterations.", ConvergenceWarning)
/home/taebin/miniconda3/envs/tma/lib/python3.7/site-packages/sklearn/svm/_base.py:986: ConvergenceWarning: Liblinear failed to converge, increase the number of iterations.
  "the number of iterations.", ConvergenceWarning)
/home/taebin/miniconda3/envs/tma/lib/python3.7/site-packages/sklearn/svm/_base.py:986: ConvergenceWarning: Liblinear failed to converge, increase the number of iterations.
  "the number of iterations.", ConvergenceWarning)
/home/taebin/miniconda3/envs/tma/lib/python3.7/site-packages/sklearn/svm/_base.py:986: ConvergenceWarning: Liblinear failed to converge, increase the number of iterations.
  "the number of iterations.", ConvergenceWarning)
/home/taebin/miniconda3/envs/tma/lib/python3.7/site-packages/sklearn/svm/_base.py:986: ConvergenceWarning: Liblinear failed to converge, increase the number of iterations.
  "the number of iterations.", ConvergenceWarning)
/home/taebin/miniconda3/envs/tma/lib/python3.7/site-packages/sklearn/svm/_base.py:986: ConvergenceWarning: Liblinear failed to converge, increase the number of iterations.
  "the number of iterations.", ConvergenceWarning)
/home/taebin/miniconda3/envs/tma/lib/python3.7/site-packages/sklearn/svm/_base.py:986: ConvergenceWarning: Liblinear failed to converge, increase the number of iterations.
  "the number of iterations.", ConvergenceWarning)
/home/taebin/miniconda3/envs/tma/lib/python3.7/site-packages/sklearn/svm/_base.py:986: ConvergenceWarning: Liblinear failed to converge, increase the number of iterations.
  "the number of iterations.", ConvergenceWarning)
/home/taebin/miniconda3/envs/tma/lib/python3.7/site-packages/sklearn/svm/_base.py:986: ConvergenceWarning: Liblinear failed to converge, increase the number of iterations.
  "the number of iterations.", ConvergenceWarning)
/home/taebin/miniconda3/envs/tma/lib/python3.7/site-packages/sklearn/svm/_base.py:986: ConvergenceWarning: Liblinear failed to converge, increase the number of iterations.
  "the number of iterations.", ConvergenceWarning)
/home/taebin/miniconda3/envs/tma/lib/python3.7/site-packages/sklearn/svm/_base.py:986: ConvergenceWarning: Liblinear failed to converge, increase the number of iterations.
  "the number of iterations.", ConvergenceWarning)
/home/taebin/miniconda3/envs/tma/lib/python3.7/site-packages/sklearn/svm/_base.py:986: ConvergenceWarning: Liblinear failed to converge, increase the number of iterations.
  "the number of iterations.", ConvergenceWarning)
/home/taebin/miniconda3/envs/tma/lib/python3.7/site-packages/sklearn/svm/_base.py:986: ConvergenceWarning: Liblinear failed to converge, increase the number of iterations.
  "the number of iterations.", ConvergenceWarning)
/home/taebin/miniconda3/envs/tma/lib/python3.7/site-packages/sklearn/svm/_base.py:986: ConvergenceWarning: Liblinear failed to converge, increase the number of iterations.
  "the number of iterations.", ConvergenceWarning)
/home/taebin/miniconda3/envs/tma/lib/python3.7/site-packages/sklearn/svm/_base.py:986: ConvergenceWarning: Liblinear failed to converge, increase the number of iterations.
  "the number of iterations.", ConvergenceWarning)
/home/taebin/miniconda3/envs/tma/lib/python3.7/site-packages/sklearn/svm/_base.py:986: ConvergenceWarning: Liblinear failed to converge, increase the number of iterations.
  "the number of iterations.", ConvergenceWarning)
/home/taebin/miniconda3/envs/tma/lib/python3.7/site-packages/sklearn/svm/_base.py:986: ConvergenceWarning: Liblinear failed to converge, increase the number of iterations.
  "the number of iterations.", ConvergenceWarning)
/home/taebin/miniconda3/envs/tma/lib/python3.7/site-packages/sklearn/svm/_base.py:986: ConvergenceWarning: Liblinear failed to converge, increase the number of iterations.
  "the number of iterations.", ConvergenceWarning)
/home/taebin/miniconda3/envs/tma/lib/python3.7/site-packages/sklearn/svm/_base.py:986: ConvergenceWarning: Liblinear failed to converge, increase the number of iterations.
  "the number of iterations.", ConvergenceWarning)
/home/taebin/miniconda3/envs/tma/lib/python3.7/site-packages/sklearn/svm/_base.py:986: ConvergenceWarning: Liblinear failed to converge, increase the number of iterations.
  "the number of iterations.", ConvergenceWarning)
/home/taebin/miniconda3/envs/tma/lib/python3.7/site-packages/sklearn/svm/_base.py:986: ConvergenceWarning: Liblinear failed to converge, increase the number of iterations.
  "the number of iterations.", ConvergenceWarning)
/home/taebin/miniconda3/envs/tma/lib/python3.7/site-packages/sklearn/svm/_base.py:986: ConvergenceWarning: Liblinear failed to converge, increase the number of iterations.
  "the number of iterations.", ConvergenceWarning)
/home/taebin/miniconda3/envs/tma/lib/python3.7/site-packages/sklearn/svm/_base.py:986: ConvergenceWarning: Liblinear failed to converge, increase the number of iterations.
  "the number of iterations.", ConvergenceWarning)
/home/taebin/miniconda3/envs/tma/lib/python3.7/site-packages/sklearn/svm/_base.py:986: ConvergenceWarning: Liblinear failed to converge, increase the number of iterations.
  "the number of iterations.", ConvergenceWarning)
/home/taebin/miniconda3/envs/tma/lib/python3.7/site-packages/sklearn/svm/_base.py:986: ConvergenceWarning: Liblinear failed to converge, increase the number of iterations.
  "the number of iterations.", ConvergenceWarning)
/home/taebin/miniconda3/envs/tma/lib/python3.7/site-packages/sklearn/svm/_base.py:986: ConvergenceWarning: Liblinear failed to converge, increase the number of iterations.
  "the number of iterations.", ConvergenceWarning)
/home/taebin/miniconda3/envs/tma/lib/python3.7/site-packages/sklearn/svm/_base.py:986: ConvergenceWarning: Liblinear failed to converge, increase the number of iterations.
  "the number of iterations.", ConvergenceWarning)
/home/taebin/miniconda3/envs/tma/lib/python3.7/site-packages/sklearn/svm/_base.py:986: ConvergenceWarning: Liblinear failed to converge, increase the number of iterations.
  "the number of iterations.", ConvergenceWarning)
/home/taebin/miniconda3/envs/tma/lib/python3.7/site-packages/sklearn/svm/_base.py:986: ConvergenceWarning: Liblinear failed to converge, increase the number of iterations.
  "the number of iterations.", ConvergenceWarning)
/home/taebin/miniconda3/envs/tma/lib/python3.7/site-packages/sklearn/svm/_base.py:986: ConvergenceWarning: Liblinear failed to converge, increase the number of iterations.
  "the number of iterations.", ConvergenceWarning)
/home/taebin/miniconda3/envs/tma/lib/python3.7/site-packages/sklearn/svm/_base.py:986: ConvergenceWarning: Liblinear failed to converge, increase the number of iterations.
  "the number of iterations.", ConvergenceWarning)
/home/taebin/miniconda3/envs/tma/lib/python3.7/site-packages/sklearn/svm/_base.py:986: ConvergenceWarning: Liblinear failed to converge, increase the number of iterations.
  "the number of iterations.", ConvergenceWarning)
/home/taebin/miniconda3/envs/tma/lib/python3.7/site-packages/sklearn/svm/_base.py:986: ConvergenceWarning: Liblinear failed to converge, increase the number of iterations.
  "the number of iterations.", ConvergenceWarning)
/home/taebin/miniconda3/envs/tma/lib/python3.7/site-packages/sklearn/svm/_base.py:986: ConvergenceWarning: Liblinear failed to converge, increase the number of iterations.
  "the number of iterations.", ConvergenceWarning)
/home/taebin/miniconda3/envs/tma/lib/python3.7/site-packages/sklearn/svm/_base.py:986: ConvergenceWarning: Liblinear failed to converge, increase the number of iterations.
  "the number of iterations.", ConvergenceWarning)
/home/taebin/miniconda3/envs/tma/lib/python3.7/site-packages/sklearn/svm/_base.py:986: ConvergenceWarning: Liblinear failed to converge, increase the number of iterations.
  "the number of iterations.", ConvergenceWarning)
/home/taebin/miniconda3/envs/tma/lib/python3.7/site-packages/sklearn/svm/_base.py:986: ConvergenceWarning: Liblinear failed to converge, increase the number of iterations.
  "the number of iterations.", ConvergenceWarning)
/home/taebin/miniconda3/envs/tma/lib/python3.7/site-packages/sklearn/svm/_base.py:986: ConvergenceWarning: Liblinear failed to converge, increase the number of iterations.
  "the number of iterations.", ConvergenceWarning)
/home/taebin/miniconda3/envs/tma/lib/python3.7/site-packages/sklearn/svm/_base.py:986: ConvergenceWarning: Liblinear failed to converge, increase the number of iterations.
  "the number of iterations.", ConvergenceWarning)
/home/taebin/miniconda3/envs/tma/lib/python3.7/site-packages/sklearn/svm/_base.py:986: ConvergenceWarning: Liblinear failed to converge, increase the number of iterations.
  "the number of iterations.", ConvergenceWarning)
/home/taebin/miniconda3/envs/tma/lib/python3.7/site-packages/sklearn/svm/_base.py:986: ConvergenceWarning: Liblinear failed to converge, increase the number of iterations.
  "the number of iterations.", ConvergenceWarning)
/home/taebin/miniconda3/envs/tma/lib/python3.7/site-packages/sklearn/svm/_base.py:986: ConvergenceWarning: Liblinear failed to converge, increase the number of iterations.
  "the number of iterations.", ConvergenceWarning)
/home/taebin/miniconda3/envs/tma/lib/python3.7/site-packages/sklearn/svm/_base.py:986: ConvergenceWarning: Liblinear failed to converge, increase the number of iterations.
  "the number of iterations.", ConvergenceWarning)
/home/taebin/miniconda3/envs/tma/lib/python3.7/site-packages/sklearn/svm/_base.py:986: ConvergenceWarning: Liblinear failed to converge, increase the number of iterations.
  "the number of iterations.", ConvergenceWarning)
/home/taebin/miniconda3/envs/tma/lib/python3.7/site-packages/sklearn/svm/_base.py:986: ConvergenceWarning: Liblinear failed to converge, increase the number of iterations.
  "the number of iterations.", ConvergenceWarning)
/home/taebin/miniconda3/envs/tma/lib/python3.7/site-packages/sklearn/svm/_base.py:986: ConvergenceWarning: Liblinear failed to converge, increase the number of iterations.
  "the number of iterations.", ConvergenceWarning)
/home/taebin/miniconda3/envs/tma/lib/python3.7/site-packages/sklearn/svm/_base.py:986: ConvergenceWarning: Liblinear failed to converge, increase the number of iterations.
  "the number of iterations.", ConvergenceWarning)
/home/taebin/miniconda3/envs/tma/lib/python3.7/site-packages/sklearn/svm/_base.py:986: ConvergenceWarning: Liblinear failed to converge, increase the number of iterations.
  "the number of iterations.", ConvergenceWarning)
/home/taebin/miniconda3/envs/tma/lib/python3.7/site-packages/sklearn/svm/_base.py:986: ConvergenceWarning: Liblinear failed to converge, increase the number of iterations.
  "the number of iterations.", ConvergenceWarning)
/home/taebin/miniconda3/envs/tma/lib/python3.7/site-packages/sklearn/svm/_base.py:986: ConvergenceWarning: Liblinear failed to converge, increase the number of iterations.
  "the number of iterations.", ConvergenceWarning)
/home/taebin/miniconda3/envs/tma/lib/python3.7/site-packages/sklearn/svm/_base.py:986: ConvergenceWarning: Liblinear failed to converge, increase the number of iterations.
  "the number of iterations.", ConvergenceWarning)
/home/taebin/miniconda3/envs/tma/lib/python3.7/site-packages/sklearn/svm/_base.py:986: ConvergenceWarning: Liblinear failed to converge, increase the number of iterations.
  "the number of iterations.", ConvergenceWarning)
/home/taebin/miniconda3/envs/tma/lib/python3.7/site-packages/sklearn/svm/_base.py:986: ConvergenceWarning: Liblinear failed to converge, increase the number of iterations.
  "the number of iterations.", ConvergenceWarning)
/home/taebin/miniconda3/envs/tma/lib/python3.7/site-packages/sklearn/svm/_base.py:986: ConvergenceWarning: Liblinear failed to converge, increase the number of iterations.
  "the number of iterations.", ConvergenceWarning)
/home/taebin/miniconda3/envs/tma/lib/python3.7/site-packages/sklearn/svm/_base.py:986: ConvergenceWarning: Liblinear failed to converge, increase the number of iterations.
  "the number of iterations.", ConvergenceWarning)
/home/taebin/miniconda3/envs/tma/lib/python3.7/site-packages/sklearn/svm/_base.py:986: ConvergenceWarning: Liblinear failed to converge, increase the number of iterations.
  "the number of iterations.", ConvergenceWarning)
/home/taebin/miniconda3/envs/tma/lib/python3.7/site-packages/sklearn/svm/_base.py:986: ConvergenceWarning: Liblinear failed to converge, increase the number of iterations.
  "the number of iterations.", ConvergenceWarning)
/home/taebin/miniconda3/envs/tma/lib/python3.7/site-packages/sklearn/svm/_base.py:986: ConvergenceWarning: Liblinear failed to converge, increase the number of iterations.
  "the number of iterations.", ConvergenceWarning)
/home/taebin/miniconda3/envs/tma/lib/python3.7/site-packages/sklearn/svm/_base.py:986: ConvergenceWarning: Liblinear failed to converge, increase the number of iterations.
  "the number of iterations.", ConvergenceWarning)
/home/taebin/miniconda3/envs/tma/lib/python3.7/site-packages/sklearn/svm/_base.py:986: ConvergenceWarning: Liblinear failed to converge, increase the number of iterations.
  "the number of iterations.", ConvergenceWarning)
/home/taebin/miniconda3/envs/tma/lib/python3.7/site-packages/sklearn/svm/_base.py:986: ConvergenceWarning: Liblinear failed to converge, increase the number of iterations.
  "the number of iterations.", ConvergenceWarning)
/home/taebin/miniconda3/envs/tma/lib/python3.7/site-packages/sklearn/svm/_base.py:986: ConvergenceWarning: Liblinear failed to converge, increase the number of iterations.
  "the number of iterations.", ConvergenceWarning)
/home/taebin/miniconda3/envs/tma/lib/python3.7/site-packages/sklearn/svm/_base.py:986: ConvergenceWarning: Liblinear failed to converge, increase the number of iterations.
  "the number of iterations.", ConvergenceWarning)
/home/taebin/miniconda3/envs/tma/lib/python3.7/site-packages/sklearn/svm/_base.py:986: ConvergenceWarning: Liblinear failed to converge, increase the number of iterations.
  "the number of iterations.", ConvergenceWarning)
accuracy 0.609091 auc 0.723160
[[399  58]
 [329 204]]
Cross-validation results
acc 0.609091 0.000000 0.000000
sensitivity 0.382739 0.000000 0.000000
specificity 0.873085 0.000000 0.000000
auc 0.723160 0.000000 0.000000
kappa 0.245448 0.000000 0.000000
confusion
0 1 
[[399  58]
 [329 204]]
